<?xml version="1.0" encoding="UTF-8"?>
<coverage generated="1648066763356" clover="3.2.0">
  <project timestamp="1648066763356" name="All files">
    <metrics statements="84" coveredstatements="79" conditionals="35" coveredconditionals="32" methods="27" coveredmethods="25" elements="146" coveredelements="136" complexity="0" loc="84" ncloc="84" packages="2" files="7" classes="7"/>
    <package name="reducers">
      <metrics statements="24" coveredstatements="20" conditionals="0" coveredconditionals="0" methods="6" coveredmethods="5"/>
      <file name="alert-notification-slice.js" path="C:\react-boiler-plate\src\reducers\alert-notification-slice.js">
        <metrics statements="19" coveredstatements="15" conditionals="0" coveredconditionals="0" methods="4" coveredmethods="3"/>
        <line num="8" count="7" type="stmt"/>
        <line num="10" count="7" type="stmt"/>
        <line num="15" count="1" type="stmt"/>
        <line num="16" count="1" type="stmt"/>
        <line num="17" count="1" type="stmt"/>
        <line num="18" count="1" type="stmt"/>
        <line num="21" count="1" type="stmt"/>
        <line num="22" count="1" type="stmt"/>
        <line num="23" count="1" type="stmt"/>
        <line num="24" count="1" type="stmt"/>
        <line num="27" count="1" type="stmt"/>
        <line num="28" count="1" type="stmt"/>
        <line num="29" count="1" type="stmt"/>
        <line num="30" count="1" type="stmt"/>
        <line num="33" count="0" type="stmt"/>
        <line num="34" count="0" type="stmt"/>
        <line num="35" count="0" type="stmt"/>
        <line num="36" count="0" type="stmt"/>
        <line num="46" count="7" type="stmt"/>
      </file>
      <file name="user-slice.js" path="C:\react-boiler-plate\src\reducers\user-slice.js">
        <metrics statements="5" coveredstatements="5" conditionals="0" coveredconditionals="0" methods="2" coveredmethods="2"/>
        <line num="5" count="7" type="stmt"/>
        <line num="7" count="7" type="stmt"/>
        <line num="12" count="1" type="stmt"/>
        <line num="15" count="1" type="stmt"/>
        <line num="23" count="7" type="stmt"/>
      </file>
    </package>
    <package name="util">
      <metrics statements="60" coveredstatements="59" conditionals="35" coveredconditionals="32" methods="21" coveredmethods="20"/>
      <file name="date.js" path="C:\react-boiler-plate\src\util\date.js">
        <metrics statements="1" coveredstatements="0" conditionals="3" coveredconditionals="0" methods="1" coveredmethods="0"/>
        <line num="7" count="0" type="cond" truecount="0" falsecount="3"/>
      </file>
      <file name="mock.js" path="C:\react-boiler-plate\src\util\mock.js">
        <metrics statements="7" coveredstatements="7" conditionals="7" coveredconditionals="7" methods="2" coveredmethods="2"/>
        <line num="12" count="7" type="stmt"/>
        <line num="13" count="2" type="stmt"/>
        <line num="18" count="2" type="cond" truecount="2" falsecount="0"/>
        <line num="19" count="1" type="stmt"/>
        <line num="21" count="2" type="stmt"/>
        <line num="33" count="7" type="stmt"/>
        <line num="36" count="2" type="stmt"/>
      </file>
      <file name="object.js" path="C:\react-boiler-plate\src\util\object.js">
        <metrics statements="28" coveredstatements="28" conditionals="19" coveredconditionals="19" methods="12" coveredmethods="12"/>
        <line num="10" count="7" type="stmt"/>
        <line num="12" count="1" type="stmt"/>
        <line num="13" count="3" type="cond" truecount="2" falsecount="0"/>
        <line num="14" count="2" type="stmt"/>
        <line num="16" count="3" type="stmt"/>
        <line num="25" count="7" type="stmt"/>
        <line num="26" count="1" type="stmt"/>
        <line num="27" count="3" type="cond" truecount="2" falsecount="0"/>
        <line num="28" count="1" type="stmt"/>
        <line num="30" count="3" type="stmt"/>
        <line num="38" count="7" type="stmt"/>
        <line num="39" count="38" type="cond" truecount="2" falsecount="0"/>
        <line num="40" count="8" type="stmt"/>
        <line num="42" count="34" type="cond" truecount="4" falsecount="0"/>
        <line num="43" count="24" type="stmt"/>
        <line num="48" count="23" type="stmt"/>
        <line num="56" count="7" type="stmt"/>
        <line num="57" count="31" type="cond" truecount="2" falsecount="0"/>
        <line num="58" count="8" type="stmt"/>
        <line num="60" count="27" type="cond" truecount="4" falsecount="0"/>
        <line num="61" count="19" type="stmt"/>
        <line num="66" count="18" type="stmt"/>
        <line num="78" count="7" type="cond" truecount="1" falsecount="0"/>
        <line num="79" count="4" type="stmt"/>
        <line num="80" count="4" type="cond" truecount="2" falsecount="0"/>
        <line num="81" count="2" type="stmt"/>
        <line num="82" count="3" type="stmt"/>
        <line num="88" count="4" type="stmt"/>
      </file>
      <file name="storage.js" path="C:\react-boiler-plate\src\util\storage.js">
        <metrics statements="16" coveredstatements="16" conditionals="6" coveredconditionals="6" methods="2" coveredmethods="2"/>
        <line num="10" count="7" type="stmt"/>
        <line num="15" count="5" type="stmt"/>
        <line num="16" count="5" type="stmt"/>
        <line num="18" count="4" type="cond" truecount="2" falsecount="0"/>
        <line num="19" count="1" type="stmt"/>
        <line num="22" count="3" type="stmt"/>
        <line num="24" count="3" type="cond" truecount="2" falsecount="0"/>
        <line num="25" count="2" type="stmt"/>
        <line num="28" count="1" type="stmt"/>
        <line num="30" count="1" type="stmt"/>
        <line num="43" count="7" type="stmt"/>
        <line num="49" count="2" type="stmt"/>
        <line num="50" count="2" type="stmt"/>
        <line num="52" count="2" type="cond" truecount="2" falsecount="0"/>
        <line num="53" count="1" type="stmt"/>
        <line num="54" count="1" type="stmt"/>
      </file>
      <file name="string.js" path="C:\react-boiler-plate\src\util\string.js">
        <metrics statements="8" coveredstatements="8" conditionals="0" coveredconditionals="0" methods="4" coveredmethods="4"/>
        <line num="8" count="7" type="stmt"/>
        <line num="9" count="11" type="stmt"/>
        <line num="10" count="11" type="stmt"/>
        <line num="11" count="20" type="stmt"/>
        <line num="12" count="6" type="stmt"/>
        <line num="15" count="11" type="stmt"/>
        <line num="18" count="7" type="stmt"/>
        <line num="19" count="3" type="stmt"/>
      </file>
    </package>
  </project>
</coverage>
