<?xml version="1.0" ?>
<!DOCTYPE coverage SYSTEM "http://cobertura.sourceforge.net/xml/coverage-04.dtd">
<coverage lines-valid="84" lines-covered="79" line-rate="0.9405" branches-valid="35" branches-covered="32" branch-rate="0.9143000000000001" timestamp="1648066763369" complexity="0" version="0.1">
  <sources>
    <source>C:\react-boiler-plate</source>
  </sources>
  <packages>
    <package name="reducers" line-rate="0.8332999999999999" branch-rate="1">
      <classes>
        <class name="alert-notification-slice.js" filename="src\reducers\alert-notification-slice.js" line-rate="0.7895" branch-rate="1">
          <methods>
            <method name="(anonymous_0)" hits="1" signature="()V">
              <lines>
                <line number="14" hits="1"/>
              </lines>
            </method>
            <method name="(anonymous_1)" hits="1" signature="()V">
              <lines>
                <line number="20" hits="1"/>
              </lines>
            </method>
            <method name="(anonymous_2)" hits="1" signature="()V">
              <lines>
                <line number="26" hits="1"/>
              </lines>
            </method>
            <method name="(anonymous_3)" hits="0" signature="()V">
              <lines>
                <line number="32" hits="0"/>
              </lines>
            </method>
          </methods>
          <lines>
            <line number="8" hits="7" branch="false"/>
            <line number="10" hits="7" branch="false"/>
            <line number="15" hits="1" branch="false"/>
            <line number="16" hits="1" branch="false"/>
            <line number="17" hits="1" branch="false"/>
            <line number="18" hits="1" branch="false"/>
            <line number="21" hits="1" branch="false"/>
            <line number="22" hits="1" branch="false"/>
            <line number="23" hits="1" branch="false"/>
            <line number="24" hits="1" branch="false"/>
            <line number="27" hits="1" branch="false"/>
            <line number="28" hits="1" branch="false"/>
            <line number="29" hits="1" branch="false"/>
            <line number="30" hits="1" branch="false"/>
            <line number="33" hits="0" branch="false"/>
            <line number="34" hits="0" branch="false"/>
            <line number="35" hits="0" branch="false"/>
            <line number="36" hits="0" branch="false"/>
            <line number="46" hits="7" branch="false"/>
          </lines>
        </class>
        <class name="user-slice.js" filename="src\reducers\user-slice.js" line-rate="1" branch-rate="1">
          <methods>
            <method name="(anonymous_0)" hits="1" signature="()V">
              <lines>
                <line number="11" hits="1"/>
              </lines>
            </method>
            <method name="(anonymous_1)" hits="1" signature="()V">
              <lines>
                <line number="14" hits="1"/>
              </lines>
            </method>
          </methods>
          <lines>
            <line number="5" hits="7" branch="false"/>
            <line number="7" hits="7" branch="false"/>
            <line number="12" hits="1" branch="false"/>
            <line number="15" hits="1" branch="false"/>
            <line number="23" hits="7" branch="false"/>
          </lines>
        </class>
      </classes>
    </package>
    <package name="util" line-rate="0.9833" branch-rate="0.9143000000000001">
      <classes>
        <class name="date.js" filename="src\util\date.js" line-rate="0" branch-rate="0">
          <methods>
            <method name="(anonymous_0)" hits="0" signature="()V">
              <lines>
                <line number="7" hits="0"/>
              </lines>
            </method>
          </methods>
          <lines>
            <line number="7" hits="0" branch="true" condition-coverage="0% (0/3)"/>
          </lines>
        </class>
        <class name="mock.js" filename="src\util\mock.js" line-rate="1" branch-rate="1">
          <methods>
            <method name="(anonymous_0)" hits="2" signature="()V">
              <lines>
                <line number="12" hits="2"/>
              </lines>
            </method>
            <method name="(anonymous_1)" hits="2" signature="()V">
              <lines>
                <line number="33" hits="2"/>
              </lines>
            </method>
          </methods>
          <lines>
            <line number="12" hits="7" branch="false"/>
            <line number="13" hits="2" branch="false"/>
            <line number="18" hits="2" branch="true" condition-coverage="100% (2/2)"/>
            <line number="19" hits="1" branch="false"/>
            <line number="21" hits="2" branch="false"/>
            <line number="33" hits="7" branch="false"/>
            <line number="36" hits="2" branch="false"/>
          </lines>
        </class>
        <class name="object.js" filename="src\util\object.js" line-rate="1" branch-rate="1">
          <methods>
            <method name="(anonymous_0)" hits="1" signature="()V">
              <lines>
                <line number="10" hits="1"/>
              </lines>
            </method>
            <method name="(anonymous_1)" hits="3" signature="()V">
              <lines>
                <line number="12" hits="3"/>
              </lines>
            </method>
            <method name="(anonymous_2)" hits="1" signature="()V">
              <lines>
                <line number="25" hits="1"/>
              </lines>
            </method>
            <method name="(anonymous_3)" hits="3" signature="()V">
              <lines>
                <line number="26" hits="3"/>
              </lines>
            </method>
            <method name="(anonymous_4)" hits="38" signature="()V">
              <lines>
                <line number="38" hits="38"/>
              </lines>
            </method>
            <method name="(anonymous_5)" hits="8" signature="()V">
              <lines>
                <line number="40" hits="8"/>
              </lines>
            </method>
            <method name="(anonymous_6)" hits="24" signature="()V">
              <lines>
                <line number="43" hits="24"/>
              </lines>
            </method>
            <method name="(anonymous_7)" hits="31" signature="()V">
              <lines>
                <line number="56" hits="31"/>
              </lines>
            </method>
            <method name="(anonymous_8)" hits="8" signature="()V">
              <lines>
                <line number="58" hits="8"/>
              </lines>
            </method>
            <method name="(anonymous_9)" hits="19" signature="()V">
              <lines>
                <line number="61" hits="19"/>
              </lines>
            </method>
            <method name="(anonymous_10)" hits="4" signature="()V">
              <lines>
                <line number="78" hits="4"/>
              </lines>
            </method>
            <method name="(anonymous_11)" hits="3" signature="()V">
              <lines>
                <line number="81" hits="3"/>
              </lines>
            </method>
          </methods>
          <lines>
            <line number="10" hits="7" branch="false"/>
            <line number="12" hits="1" branch="false"/>
            <line number="13" hits="3" branch="true" condition-coverage="100% (2/2)"/>
            <line number="14" hits="2" branch="false"/>
            <line number="16" hits="3" branch="false"/>
            <line number="25" hits="7" branch="false"/>
            <line number="26" hits="1" branch="false"/>
            <line number="27" hits="3" branch="true" condition-coverage="100% (2/2)"/>
            <line number="28" hits="1" branch="false"/>
            <line number="30" hits="3" branch="false"/>
            <line number="38" hits="7" branch="false"/>
            <line number="39" hits="38" branch="true" condition-coverage="100% (2/2)"/>
            <line number="40" hits="8" branch="false"/>
            <line number="42" hits="34" branch="true" condition-coverage="100% (4/4)"/>
            <line number="43" hits="24" branch="false"/>
            <line number="48" hits="23" branch="false"/>
            <line number="56" hits="7" branch="false"/>
            <line number="57" hits="31" branch="true" condition-coverage="100% (2/2)"/>
            <line number="58" hits="8" branch="false"/>
            <line number="60" hits="27" branch="true" condition-coverage="100% (4/4)"/>
            <line number="61" hits="19" branch="false"/>
            <line number="66" hits="18" branch="false"/>
            <line number="78" hits="7" branch="true" condition-coverage="100% (1/1)"/>
            <line number="79" hits="4" branch="false"/>
            <line number="80" hits="4" branch="true" condition-coverage="100% (2/2)"/>
            <line number="81" hits="2" branch="false"/>
            <line number="82" hits="3" branch="false"/>
            <line number="88" hits="4" branch="false"/>
          </lines>
        </class>
        <class name="storage.js" filename="src\util\storage.js" line-rate="1" branch-rate="1">
          <methods>
            <method name="(anonymous_0)" hits="5" signature="()V">
              <lines>
                <line number="10" hits="5"/>
              </lines>
            </method>
            <method name="(anonymous_1)" hits="2" signature="()V">
              <lines>
                <line number="43" hits="2"/>
              </lines>
            </method>
          </methods>
          <lines>
            <line number="10" hits="7" branch="false"/>
            <line number="15" hits="5" branch="false"/>
            <line number="16" hits="5" branch="false"/>
            <line number="18" hits="4" branch="true" condition-coverage="100% (2/2)"/>
            <line number="19" hits="1" branch="false"/>
            <line number="22" hits="3" branch="false"/>
            <line number="24" hits="3" branch="true" condition-coverage="100% (2/2)"/>
            <line number="25" hits="2" branch="false"/>
            <line number="28" hits="1" branch="false"/>
            <line number="30" hits="1" branch="false"/>
            <line number="43" hits="7" branch="false"/>
            <line number="49" hits="2" branch="false"/>
            <line number="50" hits="2" branch="false"/>
            <line number="52" hits="2" branch="true" condition-coverage="100% (2/2)"/>
            <line number="53" hits="1" branch="false"/>
            <line number="54" hits="1" branch="false"/>
          </lines>
        </class>
        <class name="string.js" filename="src\util\string.js" line-rate="1" branch-rate="1">
          <methods>
            <method name="(anonymous_0)" hits="11" signature="()V">
              <lines>
                <line number="8" hits="11"/>
              </lines>
            </method>
            <method name="(anonymous_1)" hits="20" signature="()V">
              <lines>
                <line number="10" hits="20"/>
              </lines>
            </method>
            <method name="(anonymous_2)" hits="3" signature="()V">
              <lines>
                <line number="18" hits="3"/>
              </lines>
            </method>
            <method name="(anonymous_3)" hits="3" signature="()V">
              <lines>
                <line number="19" hits="3"/>
              </lines>
            </method>
          </methods>
          <lines>
            <line number="8" hits="7" branch="false"/>
            <line number="9" hits="11" branch="false"/>
            <line number="10" hits="11" branch="false"/>
            <line number="11" hits="20" branch="false"/>
            <line number="12" hits="6" branch="false"/>
            <line number="15" hits="11" branch="false"/>
            <line number="18" hits="7" branch="false"/>
            <line number="19" hits="3" branch="false"/>
          </lines>
        </class>
      </classes>
    </package>
  </packages>
</coverage>
