{"C:\\react-boiler-plate\\src\\reducers\\alert-notification-slice.js": {"path":"C:\\react-boiler-plate\\src\\reducers\\alert-notification-slice.js","statementMap":{"0":{"start":{"line":8,"column":21},"end":{"line":8,"column":58}},"1":{"start":{"line":10,"column":31},"end":{"line":39,"column":2}},"2":{"start":{"line":15,"column":12},"end":{"line":15,"column":36}},"3":{"start":{"line":16,"column":12},"end":{"line":16,"column":30}},"4":{"start":{"line":17,"column":12},"end":{"line":17,"column":29}},"5":{"start":{"line":18,"column":12},"end":{"line":18,"column":31}},"6":{"start":{"line":21,"column":12},"end":{"line":21,"column":35}},"7":{"start":{"line":22,"column":12},"end":{"line":22,"column":47}},"8":{"start":{"line":23,"column":12},"end":{"line":23,"column":43}},"9":{"start":{"line":24,"column":12},"end":{"line":24,"column":58}},"10":{"start":{"line":27,"column":12},"end":{"line":27,"column":35}},"11":{"start":{"line":28,"column":12},"end":{"line":28,"column":47}},"12":{"start":{"line":29,"column":12},"end":{"line":29,"column":43}},"13":{"start":{"line":30,"column":12},"end":{"line":30,"column":57}},"14":{"start":{"line":33,"column":12},"end":{"line":33,"column":35}},"15":{"start":{"line":34,"column":12},"end":{"line":34,"column":47}},"16":{"start":{"line":35,"column":12},"end":{"line":35,"column":43}},"17":{"start":{"line":36,"column":12},"end":{"line":36,"column":60}},"18":{"start":{"line":46,"column":4},"end":{"line":46,"column":34}}},"fnMap":{"0":{"name":"(anonymous_0)","decl":{"start":{"line":14,"column":31},"end":{"line":14,"column":32}},"loc":{"start":{"line":14,"column":42},"end":{"line":19,"column":9}},"line":14},"1":{"name":"(anonymous_1)","decl":{"start":{"line":20,"column":36},"end":{"line":20,"column":37}},"loc":{"start":{"line":20,"column":55},"end":{"line":25,"column":9}},"line":20},"2":{"name":"(anonymous_2)","decl":{"start":{"line":26,"column":35},"end":{"line":26,"column":36}},"loc":{"start":{"line":26,"column":54},"end":{"line":31,"column":9}},"line":26},"3":{"name":"(anonymous_3)","decl":{"start":{"line":32,"column":38},"end":{"line":32,"column":39}},"loc":{"start":{"line":32,"column":57},"end":{"line":37,"column":9}},"line":32}},"branchMap":{},"s":{"0":7,"1":7,"2":1,"3":1,"4":1,"5":1,"6":1,"7":1,"8":1,"9":1,"10":1,"11":1,"12":1,"13":1,"14":0,"15":0,"16":0,"17":0,"18":7},"f":{"0":1,"1":1,"2":1,"3":0},"b":{},"_coverageSchema":"1a1c01bbd47fc00a2c39e90264f33305004495a9","hash":"2118beca2cc254d3fc76cd57175d1dd62ac38b11"}
,"C:\\react-boiler-plate\\src\\reducers\\user-slice.js": {"path":"C:\\react-boiler-plate\\src\\reducers\\user-slice.js","statementMap":{"0":{"start":{"line":5,"column":21},"end":{"line":5,"column":53}},"1":{"start":{"line":7,"column":18},"end":{"line":18,"column":2}},"2":{"start":{"line":12,"column":12},"end":{"line":12,"column":43}},"3":{"start":{"line":15,"column":12},"end":{"line":15,"column":41}},"4":{"start":{"line":23,"column":4},"end":{"line":23,"column":21}}},"fnMap":{"0":{"name":"(anonymous_0)","decl":{"start":{"line":11,"column":15},"end":{"line":11,"column":16}},"loc":{"start":{"line":11,"column":34},"end":{"line":13,"column":9}},"line":11},"1":{"name":"(anonymous_1)","decl":{"start":{"line":14,"column":16},"end":{"line":14,"column":17}},"loc":{"start":{"line":14,"column":27},"end":{"line":16,"column":9}},"line":14}},"branchMap":{},"s":{"0":7,"1":7,"2":1,"3":1,"4":7},"f":{"0":1,"1":1},"b":{},"_coverageSchema":"1a1c01bbd47fc00a2c39e90264f33305004495a9","hash":"d78d007843bc489c681ad3b4e74bef7ee4b3f4f5"}
,"C:\\react-boiler-plate\\src\\util\\date.js": {"path":"C:\\react-boiler-plate\\src\\util\\date.js","statementMap":{"0":{"start":{"line":7,"column":33},"end":{"line":9,"column":47}},"1":{"start":{"line":7,"column":52},"end":{"line":9,"column":47}}},"fnMap":{"0":{"name":"(anonymous_0)","decl":{"start":{"line":7,"column":33},"end":{"line":7,"column":34}},"loc":{"start":{"line":7,"column":52},"end":{"line":9,"column":47}},"line":7}},"branchMap":{"0":{"loc":{"start":{"line":7,"column":52},"end":{"line":9,"column":47}},"type":"binary-expr","locations":[{"start":{"line":7,"column":52},"end":{"line":7,"column":96}},{"start":{"line":8,"column":11},"end":{"line":8,"column":49}},{"start":{"line":9,"column":11},"end":{"line":9,"column":47}}],"line":7}},"s":{"0":0,"1":0},"f":{"0":0},"b":{"0":[0,0,0]}}
,"C:\\react-boiler-plate\\src\\util\\mock.js": {"path":"C:\\react-boiler-plate\\src\\util\\mock.js","statementMap":{"0":{"start":{"line":12,"column":29},"end":{"line":22,"column":1}},"1":{"start":{"line":13,"column":19},"end":{"line":17,"column":5}},"2":{"start":{"line":18,"column":4},"end":{"line":20,"column":5}},"3":{"start":{"line":19,"column":8},"end":{"line":19,"column":54}},"4":{"start":{"line":21,"column":4},"end":{"line":21,"column":18}},"5":{"start":{"line":33,"column":34},"end":{"line":36,"column":24}},"6":{"start":{"line":36,"column":7},"end":{"line":36,"column":23}}},"fnMap":{"0":{"name":"(anonymous_0)","decl":{"start":{"line":12,"column":29},"end":{"line":12,"column":30}},"loc":{"start":{"line":12,"column":39},"end":{"line":22,"column":1}},"line":12},"1":{"name":"(anonymous_1)","decl":{"start":{"line":33,"column":34},"end":{"line":33,"column":35}},"loc":{"start":{"line":36,"column":7},"end":{"line":36,"column":23}},"line":36}},"branchMap":{"0":{"loc":{"start":{"line":14,"column":8},"end":{"line":16,"column":32}},"type":"binary-expr","locations":[{"start":{"line":14,"column":8},"end":{"line":14,"column":19}},{"start":{"line":15,"column":11},"end":{"line":15,"column":39}},{"start":{"line":16,"column":11},"end":{"line":16,"column":32}}],"line":14},"1":{"loc":{"start":{"line":18,"column":4},"end":{"line":20,"column":5}},"type":"if","locations":[{"start":{"line":18,"column":4},"end":{"line":20,"column":5}},{"start":{"line":18,"column":4},"end":{"line":20,"column":5}}],"line":18},"2":{"loc":{"start":{"line":34,"column":4},"end":{"line":34,"column":15}},"type":"default-arg","locations":[{"start":{"line":34,"column":11},"end":{"line":34,"column":15}}],"line":34},"3":{"loc":{"start":{"line":35,"column":4},"end":{"line":35,"column":18}},"type":"default-arg","locations":[{"start":{"line":35,"column":15},"end":{"line":35,"column":18}}],"line":35}},"s":{"0":7,"1":2,"2":2,"3":1,"4":2,"5":7,"6":2},"f":{"0":2,"1":2},"b":{"0":[2,2,2],"1":[1,1],"2":[1],"3":[2]},"_coverageSchema":"1a1c01bbd47fc00a2c39e90264f33305004495a9","hash":"297dd02119e6d69c4e808756f4221123307bb35e"}
,"C:\\react-boiler-plate\\src\\util\\object.js": {"path":"C:\\react-boiler-plate\\src\\util\\object.js","statementMap":{"0":{"start":{"line":10,"column":37},"end":{"line":17,"column":10}},"1":{"start":{"line":12,"column":4},"end":{"line":17,"column":10}},"2":{"start":{"line":13,"column":8},"end":{"line":15,"column":9}},"3":{"start":{"line":14,"column":12},"end":{"line":14,"column":46}},"4":{"start":{"line":16,"column":8},"end":{"line":16,"column":20}},"5":{"start":{"line":25,"column":36},"end":{"line":31,"column":10}},"6":{"start":{"line":26,"column":4},"end":{"line":31,"column":10}},"7":{"start":{"line":27,"column":8},"end":{"line":29,"column":9}},"8":{"start":{"line":28,"column":12},"end":{"line":28,"column":46}},"9":{"start":{"line":30,"column":8},"end":{"line":30,"column":20}},"10":{"start":{"line":38,"column":34},"end":{"line":49,"column":1}},"11":{"start":{"line":39,"column":4},"end":{"line":41,"column":5}},"12":{"start":{"line":40,"column":8},"end":{"line":40,"column":60}},"13":{"start":{"line":40,"column":34},"end":{"line":40,"column":58}},"14":{"start":{"line":42,"column":4},"end":{"line":47,"column":5}},"15":{"start":{"line":43,"column":8},"end":{"line":46,"column":16}},"16":{"start":{"line":43,"column":60},"end":{"line":46,"column":9}},"17":{"start":{"line":48,"column":4},"end":{"line":48,"column":18}},"18":{"start":{"line":56,"column":35},"end":{"line":67,"column":1}},"19":{"start":{"line":57,"column":4},"end":{"line":59,"column":5}},"20":{"start":{"line":58,"column":8},"end":{"line":58,"column":61}},"21":{"start":{"line":58,"column":34},"end":{"line":58,"column":59}},"22":{"start":{"line":60,"column":4},"end":{"line":65,"column":5}},"23":{"start":{"line":61,"column":8},"end":{"line":64,"column":16}},"24":{"start":{"line":61,"column":60},"end":{"line":64,"column":9}},"25":{"start":{"line":66,"column":4},"end":{"line":66,"column":18}},"26":{"start":{"line":78,"column":32},"end":{"line":89,"column":1}},"27":{"start":{"line":79,"column":27},"end":{"line":79,"column":29}},"28":{"start":{"line":80,"column":4},"end":{"line":87,"column":5}},"29":{"start":{"line":81,"column":8},"end":{"line":86,"column":11}},"30":{"start":{"line":82,"column":12},"end":{"line":85,"column":14}},"31":{"start":{"line":88,"column":4},"end":{"line":88,"column":26}}},"fnMap":{"0":{"name":"(anonymous_0)","decl":{"start":{"line":10,"column":37},"end":{"line":10,"column":38}},"loc":{"start":{"line":12,"column":4},"end":{"line":17,"column":10}},"line":12},"1":{"name":"(anonymous_1)","decl":{"start":{"line":12,"column":31},"end":{"line":12,"column":32}},"loc":{"start":{"line":12,"column":51},"end":{"line":17,"column":5}},"line":12},"2":{"name":"(anonymous_2)","decl":{"start":{"line":25,"column":36},"end":{"line":25,"column":37}},"loc":{"start":{"line":26,"column":4},"end":{"line":31,"column":10}},"line":26},"3":{"name":"(anonymous_3)","decl":{"start":{"line":26,"column":31},"end":{"line":26,"column":32}},"loc":{"start":{"line":26,"column":51},"end":{"line":31,"column":5}},"line":26},"4":{"name":"(anonymous_4)","decl":{"start":{"line":38,"column":34},"end":{"line":38,"column":35}},"loc":{"start":{"line":38,"column":46},"end":{"line":49,"column":1}},"line":38},"5":{"name":"(anonymous_5)","decl":{"start":{"line":40,"column":26},"end":{"line":40,"column":27}},"loc":{"start":{"line":40,"column":34},"end":{"line":40,"column":58}},"line":40},"6":{"name":"(anonymous_6)","decl":{"start":{"line":43,"column":42},"end":{"line":43,"column":43}},"loc":{"start":{"line":43,"column":60},"end":{"line":46,"column":9}},"line":43},"7":{"name":"(anonymous_7)","decl":{"start":{"line":56,"column":35},"end":{"line":56,"column":36}},"loc":{"start":{"line":56,"column":47},"end":{"line":67,"column":1}},"line":56},"8":{"name":"(anonymous_8)","decl":{"start":{"line":58,"column":26},"end":{"line":58,"column":27}},"loc":{"start":{"line":58,"column":34},"end":{"line":58,"column":59}},"line":58},"9":{"name":"(anonymous_9)","decl":{"start":{"line":61,"column":42},"end":{"line":61,"column":43}},"loc":{"start":{"line":61,"column":60},"end":{"line":64,"column":9}},"line":61},"10":{"name":"(anonymous_10)","decl":{"start":{"line":78,"column":32},"end":{"line":78,"column":33}},"loc":{"start":{"line":78,"column":60},"end":{"line":89,"column":1}},"line":78},"11":{"name":"(anonymous_11)","decl":{"start":{"line":81,"column":36},"end":{"line":81,"column":37}},"loc":{"start":{"line":81,"column":45},"end":{"line":86,"column":9}},"line":81}},"branchMap":{"0":{"loc":{"start":{"line":13,"column":8},"end":{"line":15,"column":9}},"type":"if","locations":[{"start":{"line":13,"column":8},"end":{"line":15,"column":9}},{"start":{"line":13,"column":8},"end":{"line":15,"column":9}}],"line":13},"1":{"loc":{"start":{"line":27,"column":8},"end":{"line":29,"column":9}},"type":"if","locations":[{"start":{"line":27,"column":8},"end":{"line":29,"column":9}},{"start":{"line":27,"column":8},"end":{"line":29,"column":9}}],"line":27},"2":{"loc":{"start":{"line":39,"column":4},"end":{"line":41,"column":5}},"type":"if","locations":[{"start":{"line":39,"column":4},"end":{"line":41,"column":5}},{"start":{"line":39,"column":4},"end":{"line":41,"column":5}}],"line":39},"3":{"loc":{"start":{"line":42,"column":4},"end":{"line":47,"column":5}},"type":"if","locations":[{"start":{"line":42,"column":4},"end":{"line":47,"column":5}},{"start":{"line":42,"column":4},"end":{"line":47,"column":5}}],"line":42},"4":{"loc":{"start":{"line":42,"column":8},"end":{"line":42,"column":56}},"type":"binary-expr","locations":[{"start":{"line":42,"column":8},"end":{"line":42,"column":23}},{"start":{"line":42,"column":27},"end":{"line":42,"column":56}}],"line":42},"5":{"loc":{"start":{"line":57,"column":4},"end":{"line":59,"column":5}},"type":"if","locations":[{"start":{"line":57,"column":4},"end":{"line":59,"column":5}},{"start":{"line":57,"column":4},"end":{"line":59,"column":5}}],"line":57},"6":{"loc":{"start":{"line":60,"column":4},"end":{"line":65,"column":5}},"type":"if","locations":[{"start":{"line":60,"column":4},"end":{"line":65,"column":5}},{"start":{"line":60,"column":4},"end":{"line":65,"column":5}}],"line":60},"7":{"loc":{"start":{"line":60,"column":8},"end":{"line":60,"column":56}},"type":"binary-expr","locations":[{"start":{"line":60,"column":8},"end":{"line":60,"column":23}},{"start":{"line":60,"column":27},"end":{"line":60,"column":56}}],"line":60},"8":{"loc":{"start":{"line":78,"column":41},"end":{"line":78,"column":55}},"type":"default-arg","locations":[{"start":{"line":78,"column":51},"end":{"line":78,"column":55}}],"line":78},"9":{"loc":{"start":{"line":80,"column":4},"end":{"line":87,"column":5}},"type":"if","locations":[{"start":{"line":80,"column":4},"end":{"line":87,"column":5}},{"start":{"line":80,"column":4},"end":{"line":87,"column":5}}],"line":80}},"s":{"0":7,"1":1,"2":3,"3":2,"4":3,"5":7,"6":1,"7":3,"8":1,"9":3,"10":7,"11":38,"12":4,"13":8,"14":34,"15":11,"16":24,"17":23,"18":7,"19":31,"20":4,"21":8,"22":27,"23":9,"24":19,"25":18,"26":7,"27":4,"28":4,"29":2,"30":3,"31":4},"f":{"0":1,"1":3,"2":1,"3":3,"4":38,"5":8,"6":24,"7":31,"8":8,"9":19,"10":4,"11":3},"b":{"0":[2,1],"1":[1,2],"2":[4,34],"3":[11,23],"4":[34,34],"5":[4,27],"6":[9,18],"7":[27,27],"8":[4],"9":[2,2]},"_coverageSchema":"1a1c01bbd47fc00a2c39e90264f33305004495a9","hash":"0a96c53e2588ea1d28c36cd7f184ca4ee11db123"}
,"C:\\react-boiler-plate\\src\\util\\storage.js": {"path":"C:\\react-boiler-plate\\src\\util\\storage.js","statementMap":{"0":{"start":{"line":10,"column":25},"end":{"line":32,"column":1}},"1":{"start":{"line":15,"column":4},"end":{"line":31,"column":5}},"2":{"start":{"line":16,"column":24},"end":{"line":16,"column":42}},"3":{"start":{"line":18,"column":8},"end":{"line":20,"column":9}},"4":{"start":{"line":19,"column":12},"end":{"line":19,"column":29}},"5":{"start":{"line":22,"column":32},"end":{"line":22,"column":52}},"6":{"start":{"line":24,"column":8},"end":{"line":26,"column":9}},"7":{"start":{"line":25,"column":12},"end":{"line":25,"column":29}},"8":{"start":{"line":28,"column":8},"end":{"line":28,"column":43}},"9":{"start":{"line":30,"column":8},"end":{"line":30,"column":25}},"10":{"start":{"line":43,"column":25},"end":{"line":58,"column":1}},"11":{"start":{"line":49,"column":4},"end":{"line":57,"column":20}},"12":{"start":{"line":50,"column":24},"end":{"line":50,"column":42}},"13":{"start":{"line":52,"column":8},"end":{"line":55,"column":9}},"14":{"start":{"line":53,"column":36},"end":{"line":53,"column":57}},"15":{"start":{"line":54,"column":12},"end":{"line":54,"column":50}}},"fnMap":{"0":{"name":"(anonymous_0)","decl":{"start":{"line":10,"column":25},"end":{"line":10,"column":26}},"loc":{"start":{"line":14,"column":6},"end":{"line":32,"column":1}},"line":14},"1":{"name":"(anonymous_1)","decl":{"start":{"line":43,"column":25},"end":{"line":43,"column":26}},"loc":{"start":{"line":48,"column":6},"end":{"line":58,"column":1}},"line":48}},"branchMap":{"0":{"loc":{"start":{"line":18,"column":8},"end":{"line":20,"column":9}},"type":"if","locations":[{"start":{"line":18,"column":8},"end":{"line":20,"column":9}},{"start":{"line":18,"column":8},"end":{"line":20,"column":9}}],"line":18},"1":{"loc":{"start":{"line":24,"column":8},"end":{"line":26,"column":9}},"type":"if","locations":[{"start":{"line":24,"column":8},"end":{"line":26,"column":9}},{"start":{"line":24,"column":8},"end":{"line":26,"column":9}}],"line":24},"2":{"loc":{"start":{"line":52,"column":8},"end":{"line":55,"column":9}},"type":"if","locations":[{"start":{"line":52,"column":8},"end":{"line":55,"column":9}},{"start":{"line":52,"column":8},"end":{"line":55,"column":9}}],"line":52}},"s":{"0":7,"1":5,"2":5,"3":4,"4":1,"5":3,"6":3,"7":2,"8":1,"9":1,"10":7,"11":2,"12":2,"13":2,"14":1,"15":1},"f":{"0":5,"1":2},"b":{"0":[1,3],"1":[2,1],"2":[1,1]},"_coverageSchema":"1a1c01bbd47fc00a2c39e90264f33305004495a9","hash":"51845a67743ef819f143f3504c331ff828dffad6"}
,"C:\\react-boiler-plate\\src\\util\\string.js": {"path":"C:\\react-boiler-plate\\src\\util\\string.js","statementMap":{"0":{"start":{"line":8,"column":22},"end":{"line":16,"column":1}},"1":{"start":{"line":9,"column":22},"end":{"line":9,"column":25}},"2":{"start":{"line":10,"column":4},"end":{"line":14,"column":7}},"3":{"start":{"line":11,"column":8},"end":{"line":13,"column":9}},"4":{"start":{"line":12,"column":12},"end":{"line":12,"column":67}},"5":{"start":{"line":15,"column":4},"end":{"line":15,"column":23}},"6":{"start":{"line":18,"column":30},"end":{"line":21,"column":1}},"7":{"start":{"line":18,"column":55},"end":{"line":21,"column":1}},"8":{"start":{"line":19,"column":20},"end":{"line":19,"column":52}}},"fnMap":{"0":{"name":"(anonymous_0)","decl":{"start":{"line":8,"column":22},"end":{"line":8,"column":23}},"loc":{"start":{"line":8,"column":40},"end":{"line":16,"column":1}},"line":8},"1":{"name":"(anonymous_1)","decl":{"start":{"line":10,"column":17},"end":{"line":10,"column":18}},"loc":{"start":{"line":10,"column":35},"end":{"line":14,"column":5}},"line":10},"2":{"name":"(anonymous_2)","decl":{"start":{"line":18,"column":30},"end":{"line":18,"column":31}},"loc":{"start":{"line":18,"column":55},"end":{"line":21,"column":1}},"line":18},"3":{"name":"(anonymous_3)","decl":{"start":{"line":19,"column":4},"end":{"line":19,"column":5}},"loc":{"start":{"line":19,"column":20},"end":{"line":19,"column":52}},"line":19}},"branchMap":{},"s":{"0":7,"1":11,"2":11,"3":20,"4":6,"5":11,"6":7,"7":3,"8":3},"f":{"0":11,"1":20,"2":3,"3":3},"b":{},"_coverageSchema":"1a1c01bbd47fc00a2c39e90264f33305004495a9","hash":"d1e6a16d1e20e390e828f4b825be866d5b2c0f7b"}
}
