TN:
SF:src\reducers\alert-notification-slice.js
FN:14,(anonymous_0)
FN:20,(anonymous_1)
FN:26,(anonymous_2)
FN:32,(anonymous_3)
FNF:4
FNH:3
FNDA:1,(anonymous_0)
FNDA:1,(anonymous_1)
FNDA:1,(anonymous_2)
FNDA:0,(anonymous_3)
DA:8,7
DA:10,7
DA:15,1
DA:16,1
DA:17,1
DA:18,1
DA:21,1
DA:22,1
DA:23,1
DA:24,1
DA:27,1
DA:28,1
DA:29,1
DA:30,1
DA:33,0
DA:34,0
DA:35,0
DA:36,0
DA:46,7
LF:19
LH:15
BRF:0
BRH:0
end_of_record
TN:
SF:src\reducers\user-slice.js
FN:11,(anonymous_0)
FN:14,(anonymous_1)
FNF:2
FNH:2
FNDA:1,(anonymous_0)
FNDA:1,(anonymous_1)
DA:5,7
DA:7,7
DA:12,1
DA:15,1
DA:23,7
LF:5
LH:5
BRF:0
BRH:0
end_of_record
TN:
SF:src\util\date.js
FN:7,(anonymous_0)
FNF:1
FNH:0
FNDA:0,(anonymous_0)
DA:7,0
LF:1
LH:0
BRDA:7,0,0,0
BRDA:7,0,1,0
BRDA:7,0,2,0
BRF:3
BRH:0
end_of_record
TN:
SF:src\util\mock.js
FN:12,(anonymous_0)
FN:33,(anonymous_1)
FNF:2
FNH:2
FNDA:2,(anonymous_0)
FNDA:2,(anonymous_1)
DA:12,7
DA:13,2
DA:18,2
DA:19,1
DA:21,2
DA:33,7
DA:36,2
LF:7
LH:7
BRDA:14,0,0,2
BRDA:14,0,1,2
BRDA:14,0,2,2
BRDA:18,1,0,1
BRDA:18,1,1,1
BRDA:34,2,0,1
BRDA:35,3,0,2
BRF:7
BRH:7
end_of_record
TN:
SF:src\util\object.js
FN:10,(anonymous_0)
FN:12,(anonymous_1)
FN:25,(anonymous_2)
FN:26,(anonymous_3)
FN:38,(anonymous_4)
FN:40,(anonymous_5)
FN:43,(anonymous_6)
FN:56,(anonymous_7)
FN:58,(anonymous_8)
FN:61,(anonymous_9)
FN:78,(anonymous_10)
FN:81,(anonymous_11)
FNF:12
FNH:12
FNDA:1,(anonymous_0)
FNDA:3,(anonymous_1)
FNDA:1,(anonymous_2)
FNDA:3,(anonymous_3)
FNDA:38,(anonymous_4)
FNDA:8,(anonymous_5)
FNDA:24,(anonymous_6)
FNDA:31,(anonymous_7)
FNDA:8,(anonymous_8)
FNDA:19,(anonymous_9)
FNDA:4,(anonymous_10)
FNDA:3,(anonymous_11)
DA:10,7
DA:12,1
DA:13,3
DA:14,2
DA:16,3
DA:25,7
DA:26,1
DA:27,3
DA:28,1
DA:30,3
DA:38,7
DA:39,38
DA:40,8
DA:42,34
DA:43,24
DA:48,23
DA:56,7
DA:57,31
DA:58,8
DA:60,27
DA:61,19
DA:66,18
DA:78,7
DA:79,4
DA:80,4
DA:81,2
DA:82,3
DA:88,4
LF:28
LH:28
BRDA:13,0,0,2
BRDA:13,0,1,1
BRDA:27,1,0,1
BRDA:27,1,1,2
BRDA:39,2,0,4
BRDA:39,2,1,34
BRDA:42,3,0,11
BRDA:42,3,1,23
BRDA:42,4,0,34
BRDA:42,4,1,34
BRDA:57,5,0,4
BRDA:57,5,1,27
BRDA:60,6,0,9
BRDA:60,6,1,18
BRDA:60,7,0,27
BRDA:60,7,1,27
BRDA:78,8,0,4
BRDA:80,9,0,2
BRDA:80,9,1,2
BRF:19
BRH:19
end_of_record
TN:
SF:src\util\storage.js
FN:10,(anonymous_0)
FN:43,(anonymous_1)
FNF:2
FNH:2
FNDA:5,(anonymous_0)
FNDA:2,(anonymous_1)
DA:10,7
DA:15,5
DA:16,5
DA:18,4
DA:19,1
DA:22,3
DA:24,3
DA:25,2
DA:28,1
DA:30,1
DA:43,7
DA:49,2
DA:50,2
DA:52,2
DA:53,1
DA:54,1
LF:16
LH:16
BRDA:18,0,0,1
BRDA:18,0,1,3
BRDA:24,1,0,2
BRDA:24,1,1,1
BRDA:52,2,0,1
BRDA:52,2,1,1
BRF:6
BRH:6
end_of_record
TN:
SF:src\util\string.js
FN:8,(anonymous_0)
FN:10,(anonymous_1)
FN:18,(anonymous_2)
FN:19,(anonymous_3)
FNF:4
FNH:4
FNDA:11,(anonymous_0)
FNDA:20,(anonymous_1)
FNDA:3,(anonymous_2)
FNDA:3,(anonymous_3)
DA:8,7
DA:9,11
DA:10,11
DA:11,20
DA:12,6
DA:15,11
DA:18,7
DA:19,3
LF:8
LH:8
BRF:0
BRH:0
end_of_record
